c:\users\innolab\documents\github\motion-tracking\optitrackosc\x64\release\vc142.pdb
c:\users\innolab\documents\github\motion-tracking\optitrackosc\x64\release\oscslip.obj
c:\users\innolab\documents\github\motion-tracking\optitrackosc\x64\release\oscpacket.obj
c:\users\innolab\documents\github\motion-tracking\optitrackosc\x64\release\oscmessage.obj
c:\users\innolab\documents\github\motion-tracking\optitrackosc\x64\release\oscerror.obj
c:\users\innolab\documents\github\motion-tracking\optitrackosc\x64\release\osccommon.obj
c:\users\innolab\documents\github\motion-tracking\optitrackosc\x64\release\oscbundle.obj
c:\users\innolab\documents\github\motion-tracking\optitrackosc\x64\release\oscaddress.obj
c:\users\innolab\documents\github\motion-tracking\optitrackosc\x64\release\optitrackosc.obj
c:\users\innolab\documents\github\motion-tracking\optitrackosc\x64\release\optitrackosc.exe
c:\users\innolab\documents\github\motion-tracking\optitrackosc\x64\release\optitrackosc.pdb
c:\users\innolab\documents\github\motion-tracking\optitrackosc\x64\release\optitrackosc.ipdb
c:\users\innolab\documents\github\motion-tracking\optitrackosc\x64\release\optitrackosc.iobj
c:\users\innolab\documents\github\motion-tracking\optitrackosc\x64\release\optitrackosc.tlog\cl.command.1.tlog
c:\users\innolab\documents\github\motion-tracking\optitrackosc\x64\release\optitrackosc.tlog\cl.read.1.tlog
c:\users\innolab\documents\github\motion-tracking\optitrackosc\x64\release\optitrackosc.tlog\cl.write.1.tlog
c:\users\innolab\documents\github\motion-tracking\optitrackosc\x64\release\optitrackosc.tlog\link.command.1.tlog
c:\users\innolab\documents\github\motion-tracking\optitrackosc\x64\release\optitrackosc.tlog\link.delete.1.tlog
c:\users\innolab\documents\github\motion-tracking\optitrackosc\x64\release\optitrackosc.tlog\link.read.1.tlog
c:\users\innolab\documents\github\motion-tracking\optitrackosc\x64\release\optitrackosc.tlog\link.write.1.tlog
c:\users\innolab\documents\github\motion-tracking\optitrackosc\x64\release\optitrackosc.tlog\optitrackosc.write.1u.tlog
