  OscAddress.c
  OscBundle.c
  OscCommon.c
  OscError.c
  OscMessage.c
C:\Users\innolab\Documents\GitHub\OSC99\Osc99\OscMessage.c(1039,32): warning C4018: '>': signed/unsigned mismatch
  OscPacket.c
  OscSlip.c
C:\Users\innolab\Documents\GitHub\OSC99\Osc99\OscMessage.c(1043,49): warning C4018: '<': signed/unsigned mismatch
  NatUtils_hfmt.cpp
  optitrackOSC.cpp
C:\Users\innolab\Documents\GitHub\motion-tracking\optitrackOSC\optitrackOSC.cpp(168,24): warning C4101: 'm_z': unreferenced local variable
C:\Users\innolab\Documents\GitHub\motion-tracking\optitrackOSC\optitrackOSC.cpp(167,13): warning C4101: 'bndl': unreferenced local variable
C:\Users\innolab\Documents\GitHub\motion-tracking\optitrackOSC\optitrackOSC.cpp(677,39): warning C4244: 'argument': conversion from 'double' to 'const float', possible loss of data
C:\Users\innolab\Documents\GitHub\motion-tracking\optitrackOSC\optitrackOSC.cpp(678,41): warning C4244: 'argument': conversion from 'double' to 'const float', possible loss of data
C:\Users\innolab\Documents\GitHub\motion-tracking\optitrackOSC\optitrackOSC.cpp(679,37): warning C4244: 'argument': conversion from 'double' to 'const float', possible loss of data
C:\Users\innolab\Documents\GitHub\motion-tracking\optitrackOSC\optitrackOSC.cpp(609,14): warning C4101: 'ea': unreferenced local variable
C:\Users\innolab\Documents\GitHub\motion-tracking\optitrackOSC\optitrackOSC.cpp(1040,38): warning C4305: 'initializing': truncation from 'double' to 'float'
  Generating code
  Previous IPDB not found, fall back to full compilation.
  All 280 functions were compiled because no usable IPDB/IOBJ from previous compilation was found.
  Finished generating code
  optitrackOSC.vcxproj -> C:\Users\innolab\Documents\GitHub\motion-tracking\optitrackOSC\Release\optitrackOSC.exe
  0 File(s) copied
